<?xml version="1.0" encoding="UTF-8"?>
<!-- Generated by org.testng.reporters.JUnitReportReporter -->
<testsuite hostname="DESKTOP-PV6B69F" failures="0" tests="1" name="com.jaya.orangehrm.tests.OrangeHrmLoginTest" time="8.140" errors="0" timestamp="2023-06-14T10:40:31 IST" skipped="0">
  <testcase classname="com.jaya.orangehrm.tests.OrangeHrmLoginTest" name="loginTest" time="8.140"/>
  <system-out/>
</testsuite> <!-- com.jaya.orangehrm.tests.OrangeHrmLoginTest -->
